<?xml version="1.0" encoding="UTF-8"?>
<!-- Generated by org.testng.reporters.JUnitReportReporter -->
<testsuite name="assignment4.ProgrameFive" tests="1" time="30.002" ignored="0" failures="0" timestamp="25 Oct 2021 01:55:13 GMT" skipped="0" hostname="Khanjadas-MBP.nyc.rr.com" errors="0">
  <testcase name="tryCatch" time="30.002" classname="assignment4.ProgrameFive"/>
</testsuite> <!-- assignment4.ProgrameFive -->
