<?xml version="1.0" encoding="UTF-8"?>
<!-- Generated by org.testng.reporters.JUnitReportReporter -->
<testsuite name="assignmentFour4.ProgrameOne" tests="1" time="7.375" ignored="0" failures="0" timestamp="26 Oct 2021 13:54:31 GMT" skipped="0" hostname="Khanjadas-MBP.nyc.rr.com" errors="0">
  <testcase name="overLoading" time="7.375" classname="assignmentFour4.ProgrameOne"/>
</testsuite> <!-- assignmentFour4.ProgrameOne -->
