<?xml version="1.0" encoding="UTF-8"?>
<!-- Generated by org.testng.reporters.JUnitReportReporter -->
<testsuite skipped="0" hostname="Khanjadas-MBP.nyc.rr.com" name="projectForWrapper.ReadExel" tests="1" failures="0" timestamp="2021-11-10T21:39:15 EST" time="0.724" errors="0">
  <testcase name="readExcel" time="0.724" classname="projectForWrapper.ReadExel"/>
  <system-out/>
</testsuite> <!-- projectForWrapper.ReadExel -->
