<?xml version="1.0" encoding="UTF-8"?>
<!-- Generated by org.testng.reporters.JUnitReportReporter -->
<testsuite hostname="Khanjadas-MBP.nyc.rr.com" failures="0" tests="1" name="assignment_SIX.TestCase_Two" time="57.151" errors="0" timestamp="2021-11-29T00:15:48 EST" skipped="0">
  <testcase classname="assignment_SIX.TestCase_Two" name="testCase2" time="57.151"/>
  <system-out/>
</testsuite> <!-- assignment_SIX.TestCase_Two -->
