<?xml version="1.0" encoding="UTF-8"?>
<!-- Generated by org.testng.reporters.JUnitReportReporter -->
<testsuite name="assignment4.ProgramSix" tests="1" time="7.308" ignored="0" failures="0" timestamp="24 Oct 2021 20:03:50 GMT" skipped="0" hostname="Khanjadas-MBP.nyc.rr.com" errors="0">
  <testcase name="xpath" time="7.308" classname="assignment4.ProgramSix"/>
</testsuite> <!-- assignment4.ProgramSix -->
