<?xml version="1.0" encoding="UTF-8"?>
<!-- Generated by org.testng.reporters.JUnitReportReporter -->
<testsuite skipped="0" hostname="Khanjadas-MBP.nyc.rr.com" name="assignment_SIX.TestCase2" tests="1" failures="0" timestamp="2021-11-13T09:45:43 EST" time="17.290" errors="0">
  <testcase name="testCase2" time="17.290" classname="assignment_SIX.TestCase2"/>
  <system-out/>
</testsuite> <!-- assignment_SIX.TestCase2 -->
