<?xml version="1.0" encoding="UTF-8"?>
<!-- Generated by org.testng.reporters.JUnitReportReporter -->
<testsuite hostname="Khanjadas-MBP.nyc.rr.com" failures="0" tests="1" name="aui.Program2" time="20.202" errors="0" timestamp="2021-11-29T01:18:43 EST" skipped="0">
  <testcase classname="aui.Program2" name="mouseOverOne" time="20.202"/>
  <system-out/>
</testsuite> <!-- aui.Program2 -->
