<?xml version="1.0" encoding="UTF-8"?>
<!-- Generated by org.testng.reporters.JUnitReportReporter -->
<testsuite skipped="0" hostname="Khanjadas-MacBook-Pro.local" name="sessionNine.ThreadPoolSize" tests="3" failures="0" timestamp="2021-11-01T15:41:48 EDT" time="23.112" errors="0">
  <testcase name="test2" time="7.520" classname="sessionNine.ThreadPoolSize"/>
  <system-out/>
  <testcase name="test2" time="7.811" classname="sessionNine.ThreadPoolSize"/>
  <system-out/>
  <testcase name="test2" time="7.781" classname="sessionNine.ThreadPoolSize"/>
  <system-out/>
</testsuite> <!-- sessionNine.ThreadPoolSize -->
