<?xml version="1.0" encoding="UTF-8"?>
<!-- Generated by org.testng.reporters.JUnitReportReporter -->
<testsuite skipped="0" hostname="Khanjadas-MacBook-Pro.local" name="sessionNine.TimeOut" tests="1" failures="0" timestamp="2021-11-01T15:35:29 EDT" time="4.710" errors="0">
  <testcase name="test" time="4.710" classname="sessionNine.TimeOut"/>
  <system-out/>
</testsuite> <!-- sessionNine.TimeOut -->
