<?xml version="1.0" encoding="UTF-8"?>
<!-- Generated by org.testng.reporters.JUnitReportReporter -->
<testsuite hostname="Khanjadas-MBP.nyc.rr.com" failures="0" tests="1" name="assignment_SIX.TestCase_One" time="15.291" errors="0" timestamp="2021-11-29T00:07:17 EST" skipped="0">
  <testcase classname="assignment_SIX.TestCase_One" name="testCase1" time="15.291"/>
  <system-out/>
</testsuite> <!-- assignment_SIX.TestCase_One -->
