<?xml version="1.0" encoding="UTF-8"?>
<!-- Generated by org.testng.reporters.JUnitReportReporter -->
<testsuite name="assignmentTwo.GuruHome" tests="1" time="8.568" ignored="0" failures="0" timestamp="13 Oct 2021 14:07:21 GMT" skipped="0" hostname="Khanjadas-MBP.nyc.rr.com" errors="0">
  <testcase name="firstMethod" time="8.568" classname="assignmentTwo.GuruHome"/>
</testsuite> <!-- assignmentTwo.GuruHome -->
