<?xml version="1.0" encoding="UTF-8"?>
<!-- Generated by org.testng.reporters.JUnitReportReporter -->
<testsuite skipped="0" hostname="Khanjadas-MacBook-Pro.local" name="sessionNine.InvocationCount" tests="3" failures="0" timestamp="2021-11-03T23:47:32 EDT" time="12.626" errors="0">
  <testcase name="test" time="3.982" classname="sessionNine.InvocationCount"/>
  <system-out/>
  <testcase name="test" time="5.087" classname="sessionNine.InvocationCount"/>
  <system-out/>
  <testcase name="test" time="3.557" classname="sessionNine.InvocationCount"/>
  <system-out/>
</testsuite> <!-- sessionNine.InvocationCount -->
