<?xml version="1.0" encoding="UTF-8"?>
<!-- Generated by org.testng.reporters.JUnitReportReporter -->
<testsuite name="classWork.RunTimeEcception" tests="1" time="9.839" ignored="0" failures="0" timestamp="24 Oct 2021 18:02:08 GMT" skipped="0" hostname="Khanjadas-MBP.nyc.rr.com" errors="0">
  <testcase name="runTimeException" time="9.839" classname="classWork.RunTimeEcception"/>
</testsuite> <!-- classWork.RunTimeEcception -->
