<?xml version="1.0" encoding="UTF-8"?>
<!-- Generated by org.testng.reporters.JUnitReportReporter -->
<testsuite skipped="0" hostname="Khanjadas-MacBook-Pro.local" name="assignmentFive_1.TestCase1" tests="1" failures="0" timestamp="2021-11-04T12:00:42 EDT" time="18.182" errors="0">
  <testcase name="testCase1" time="18.182" classname="assignmentFive_1.TestCase1"/>
  <system-out/>
</testsuite> <!-- assignmentFive_1.TestCase1 -->
