<?xml version="1.0" encoding="UTF-8"?>
<!-- Generated by org.testng.reporters.JUnitReportReporter -->
<testsuite name="classWork.SnapShot" tests="1" time="8.269" ignored="0" failures="0" timestamp="26 Oct 2021 19:51:14 GMT" skipped="0" hostname="Khanjadas-MBP.nyc.rr.com" errors="0">
  <testcase name="photo" time="8.269" classname="classWork.SnapShot"/>
</testsuite> <!-- classWork.SnapShot -->
