<?xml version="1.0" encoding="UTF-8"?>
<!-- Generated by org.testng.reporters.JUnitReportReporter -->
<testsuite skipped="0" hostname="Khanjadas-MacBook-Pro.local" name="assignmentFive_2.Annotation" tests="2" failures="0" timestamp="2021-11-03T23:04:56 EDT" time="0.008" errors="0">
  <testcase name="test1" time="0.002" classname="assignmentFive_2.Annotation"/>
  <system-out/>
  <testcase name="test" time="0.006" classname="assignmentFive_2.Annotation"/>
  <system-out/>
</testsuite> <!-- assignmentFive_2.Annotation -->
