<?xml version="1.0" encoding="UTF-8"?>
<!-- Generated by org.testng.reporters.JUnitReportReporter -->
<testsuite name="assignmentFour4.ProgramSix" tests="1" time="8.979" ignored="0" failures="0" timestamp="28 Oct 2021 17:11:47 GMT" skipped="0" hostname="Khanjadas-MBP.nyc.rr.com" errors="0">
  <testcase name="xpath" time="8.979" classname="assignmentFour4.ProgramSix"/>
</testsuite> <!-- assignmentFour4.ProgramSix -->
