<?xml version="1.0" encoding="UTF-8"?>
<!-- Generated by org.testng.reporters.JUnitReportReporter -->
<testsuite hostname="Khanjadas-MBP.nyc.rr.com" failures="0" tests="1" name="javaFinal.ExtendFinalMethod" time="0.006" errors="0" timestamp="2021-12-05T09:27:25 EST" skipped="0">
  <testcase classname="javaFinal.ExtendFinalMethod" name="test6" time="0.006"/>
  <system-out/>
</testsuite> <!-- javaFinal.ExtendFinalMethod -->
