<?xml version="1.0" encoding="UTF-8"?>
<!-- Generated by org.testng.reporters.JUnitReportReporter -->
<testsuite hostname="Khanjadas-MBP.nyc.rr.com" failures="0" tests="1" name="javaFinal.ExtendFinalClass" time="0.008" errors="0" timestamp="2021-12-05T09:06:29 EST" skipped="0">
  <testcase classname="javaFinal.ExtendFinalClass" name="hi" time="0.008"/>
  <system-out/>
</testsuite> <!-- javaFinal.ExtendFinalClass -->
