<?xml version="1.0" encoding="UTF-8"?>
<!-- Generated by org.testng.reporters.JUnitReportReporter -->
<testsuite name="assignment4.ProgrameOne" tests="1" time="8.076" ignored="0" failures="0" timestamp="26 Oct 2021 13:18:03 GMT" skipped="0" hostname="Khanjadas-MBP.nyc.rr.com" errors="0">
  <testcase name="overLoading" time="8.076" classname="assignment4.ProgrameOne"/>
</testsuite> <!-- assignment4.ProgrameOne -->
