<?xml version="1.0" encoding="UTF-8"?>
<!-- Generated by org.testng.reporters.JUnitReportReporter -->
<testsuite skipped="0" hostname="Khanjadas-MacBook-Pro.local" name="assignmentFive_3.TimeOut" tests="1" failures="0" timestamp="2021-11-04T00:01:04 EDT" time="3.828" errors="0">
  <testcase name="test" time="3.828" classname="assignmentFive_3.TimeOut"/>
  <system-out/>
</testsuite> <!-- assignmentFive_3.TimeOut -->
