<?xml version="1.0" encoding="UTF-8"?>
<!-- Generated by org.testng.reporters.JUnitReportReporter -->
<testsuite skipped="0" hostname="Khanjadas-MBP.nyc.rr.com" name="aui.Program6" tests="1" failures="0" timestamp="2021-11-25T13:11:43 EST" time="13.033" errors="0">
  <testcase name="selectAll" time="13.033" classname="aui.Program6"/>
  <system-out/>
</testsuite> <!-- aui.Program6 -->
