<?xml version="1.0" encoding="UTF-8"?>
<!-- Generated by org.testng.reporters.JUnitReportReporter -->
<testsuite name="assignmentFour4.ClassForInterface" tests="1" time="0.015" ignored="0" failures="0" timestamp="27 Oct 2021 04:11:13 GMT" skipped="0" hostname="Khanjadas-MBP.nyc.rr.com" errors="0">
  <testcase name="run" time="0.015" classname="assignmentFour4.ClassForInterface"/>
</testsuite> <!-- assignmentFour4.ClassForInterface -->
