<?xml version="1.0" encoding="UTF-8"?>
<!-- Generated by org.testng.reporters.JUnitReportReporter -->
<testsuite skipped="0" hostname="Khanjadas-MacBook-Pro.local" name="assignmentFive_6.ParalalAndSequential" tests="5" failures="0" timestamp="2021-11-04T00:53:42 EDT" time="73.392" errors="0">
  <testcase name="test3" time="13.931" classname="assignmentFive_6.ParalalAndSequential"/>
  <system-out/>
  <testcase name="test" time="14.241" classname="assignmentFive_6.ParalalAndSequential"/>
  <system-out/>
  <testcase name="test2" time="16.616" classname="assignmentFive_6.ParalalAndSequential"/>
  <system-out/>
  <testcase name="test4" time="14.343" classname="assignmentFive_6.ParalalAndSequential"/>
  <system-out/>
  <testcase name="test1" time="14.261" classname="assignmentFive_6.ParalalAndSequential"/>
  <system-out/>
</testsuite> <!-- assignmentFive_6.ParalalAndSequential -->
