<?xml version="1.0" encoding="UTF-8"?>
<!-- Generated by org.testng.reporters.JUnitReportReporter -->
<testsuite skipped="0" hostname="Khanjadas-MacBook-Pro.local" name="assignmentFive_6.Sequential" tests="5" failures="0" timestamp="2021-11-04T09:23:01 EDT" time="22.319" errors="0">
  <testcase name="test1" time="4.141" classname="assignmentFive_6.Sequential"/>
  <system-out/>
  <testcase name="test" time="5.651" classname="assignmentFive_6.Sequential"/>
  <system-out/>
  <testcase name="test3" time="4.075" classname="assignmentFive_6.Sequential"/>
  <system-out/>
  <testcase name="test2" time="4.219" classname="assignmentFive_6.Sequential"/>
  <system-out/>
  <testcase name="test4" time="4.233" classname="assignmentFive_6.Sequential"/>
  <system-out/>
</testsuite> <!-- assignmentFive_6.Sequential -->
