<?xml version="1.0" encoding="UTF-8"?>
<!-- Generated by org.testng.reporters.JUnitReportReporter -->
<testsuite skipped="0" hostname="Khanjadas-MBP.nyc.rr.com" name="aui.Program3" tests="1" failures="0" timestamp="2021-11-24T22:22:57 EST" time="9.823" errors="0">
  <testcase name="dragDrop" time="9.823" classname="aui.Program3"/>
  <system-out/>
</testsuite> <!-- aui.Program3 -->
