<?xml version="1.0" encoding="UTF-8"?>
<!-- Generated by org.testng.reporters.JUnitReportReporter -->
<testsuite skipped="0" hostname="Khanjadas-MBP.nyc.rr.com" name="assignment_SIX.TestCase3" tests="1" failures="0" timestamp="2021-11-26T11:37:07 EST" time="18.406" errors="0">
  <testcase name="testCase1" time="18.406" classname="assignment_SIX.TestCase3"/>
  <system-out/>
</testsuite> <!-- assignment_SIX.TestCase3 -->
