<?xml version="1.0" encoding="UTF-8"?>
<!-- Generated by org.testng.reporters.JUnitReportReporter -->
<testsuite name="classWork.IFrameCount" tests="1" time="42.941" ignored="0" failures="0" timestamp="24 Oct 2021 17:24:33 GMT" skipped="0" hostname="Khanjadas-MBP.nyc.rr.com" errors="0">
  <testcase name="frameCount" time="42.941" classname="classWork.IFrameCount"/>
</testsuite> <!-- classWork.IFrameCount -->
