<?xml version="1.0" encoding="UTF-8"?>
<!-- Generated by org.testng.reporters.JUnitReportReporter -->
<testsuite name="assignmentFour4.ProgrameFive" tests="1" time="30.145" ignored="0" failures="0" timestamp="29 Oct 2021 01:39:47 GMT" skipped="0" hostname="Khanjadas-MBP.nyc.rr.com" errors="0">
  <testcase name="tryCatch" time="30.145" classname="assignmentFour4.ProgrameFive"/>
</testsuite> <!-- assignmentFour4.ProgrameFive -->
