<?xml version="1.0" encoding="UTF-8"?>
<!-- Generated by org.testng.reporters.JUnitReportReporter -->
<testsuite skipped="0" hostname="Khanjadas-MBP.nyc.rr.com" name="aui.Program5" tests="1" failures="0" timestamp="2021-11-24T22:26:41 EST" time="8.804" errors="0">
  <testcase name="holdAndRelease" time="8.804" classname="aui.Program5"/>
  <system-out/>
</testsuite> <!-- aui.Program5 -->
