<?xml version="1.0" encoding="UTF-8"?>
<!-- Generated by org.testng.reporters.JUnitReportReporter -->
<testsuite skipped="0" hostname="Khanjadas-MBP.nyc.rr.com" name="aui.Program4" tests="1" failures="0" timestamp="2021-11-24T22:24:53 EST" time="7.646" errors="0">
  <testcase name="rightClick" time="7.646" classname="aui.Program4"/>
  <system-out/>
</testsuite> <!-- aui.Program4 -->
