<?xml version="1.0" encoding="UTF-8"?>
<!-- Generated by org.testng.reporters.JUnitReportReporter -->
<testsuite hostname="Khanjadas-MBP.nyc.rr.com" failures="0" tests="1" name="assignment4.ProgrameFour" time="7.594" errors="0" timestamp="2021-11-29T00:05:01 EST" skipped="0">
  <testcase classname="assignment4.ProgrameFour" name="frameCount" time="7.594"/>
  <system-out/>
</testsuite> <!-- assignment4.ProgrameFour -->
