<?xml version="1.0" encoding="UTF-8"?>
<!-- Generated by org.testng.reporters.JUnitReportReporter -->
<testsuite skipped="0" hostname="Khanjadas-MacBook-Pro.local" name="assignmentFive_3.ThreadPoolSize" tests="3" failures="0" timestamp="2021-11-03T23:58:59 EDT" time="26.243" errors="0">
  <testcase name="test2" time="9.030" classname="assignmentFive_3.ThreadPoolSize"/>
  <system-out/>
  <testcase name="test2" time="8.563" classname="assignmentFive_3.ThreadPoolSize"/>
  <system-out/>
  <testcase name="test2" time="8.650" classname="assignmentFive_3.ThreadPoolSize"/>
  <system-out/>
</testsuite> <!-- assignmentFive_3.ThreadPoolSize -->
