<?xml version="1.0" encoding="UTF-8"?>
<!-- Generated by org.testng.reporters.JUnitReportReporter -->
<testsuite skipped="0" hostname="Khanjadas-MacBook-Pro.local" name="assignmentFive_5.TestCase1" tests="1" failures="0" timestamp="2021-11-03T21:39:14 EDT" time="52.724" errors="0">
  <testcase name="testCase1" time="52.724" classname="assignmentFive_5.TestCase1"/>
  <system-out/>
</testsuite> <!-- assignmentFive_5.TestCase1 -->
