<?xml version="1.0" encoding="UTF-8"?>
<!-- Generated by org.testng.reporters.JUnitReportReporter -->
<testsuite skipped="0" hostname="Khanjadas-MBP.nyc.rr.com" name="wrapperProject.ReadExcel" tests="1" failures="0" timestamp="2021-11-14T09:08:01 EST" time="0.416" errors="0">
  <testcase name="readExcel" time="0.416" classname="wrapperProject.ReadExcel"/>
  <system-out/>
</testsuite> <!-- wrapperProject.ReadExcel -->
