<?xml version="1.0" encoding="UTF-8"?>
<!-- Generated by org.testng.reporters.JUnitReportReporter -->
<testsuite skipped="0" hostname="Khanjadas-MacBook-Pro.local" name="sessionEight.TestCase1" tests="1" failures="0" timestamp="2021-11-02T11:36:06 EDT" time="24.755" errors="0">
  <testcase name="testCase1" time="24.755" classname="sessionEight.TestCase1"/>
  <system-out/>
</testsuite> <!-- sessionEight.TestCase1 -->
