<?xml version="1.0" encoding="UTF-8"?>
<!-- Generated by org.testng.reporters.JUnitReportReporter -->
<testsuite name="assignment4.ClassForInterface" tests="1" time="0.014" ignored="0" failures="0" timestamp="25 Oct 2021 22:39:48 GMT" skipped="0" hostname="Khanjadas-MBP.nyc.rr.com" errors="0">
  <testcase name="run" time="0.014" classname="assignment4.ClassForInterface"/>
</testsuite> <!-- assignment4.ClassForInterface -->
