<?xml version="1.0" encoding="UTF-8"?>
<!-- Generated by org.testng.reporters.JUnitReportReporter -->
<testsuite skipped="0" hostname="Khanjadas-MacBook-Pro.local" name="sessionNine.InvocationTimeOut" tests="1" failures="0" timestamp="2021-11-03T23:49:59 EDT" time="12.647" errors="0">
  <testcase name="test" time="12.647" classname="sessionNine.InvocationTimeOut"/>
  <system-out/>
</testsuite> <!-- sessionNine.InvocationTimeOut -->
